c:\users\kory\documents\visual studio 2013\projects\cranknicolsonmod3\cranknicolsonmod3\debug\cranknicolsonmod3.pch.codeanalysis
c:\users\kory\documents\visual studio 2013\projects\cranknicolsonmod3\cranknicolsonmod3\debug\vc120.pdb
c:\users\kory\documents\visual studio 2013\projects\cranknicolsonmod3\cranknicolsonmod3\debug\vc120.idb
c:\users\kory\documents\visual studio 2013\projects\cranknicolsonmod3\cranknicolsonmod3\debug\cranknicolsonmod3.pch.codeanalysisast
c:\users\kory\documents\visual studio 2013\projects\cranknicolsonmod3\cranknicolsonmod3\debug\stdafx.nativecodeanalysis.xml
c:\users\kory\documents\visual studio 2013\projects\cranknicolsonmod3\cranknicolsonmod3\debug\stdafx.obj
c:\users\kory\documents\visual studio 2013\projects\cranknicolsonmod3\cranknicolsonmod3\debug\cranknicolsonmod3.nativecodeanalysis.xml
c:\users\kory\documents\visual studio 2013\projects\cranknicolsonmod3\cranknicolsonmod3\debug\cranknicolsonmod3.obj
c:\users\kory\documents\visual studio 2013\projects\cranknicolsonmod3\debug\cranknicolsonmod3.ilk
c:\users\kory\documents\visual studio 2013\projects\cranknicolsonmod3\debug\cranknicolsonmod3.exe
c:\users\kory\documents\visual studio 2013\projects\cranknicolsonmod3\debug\cranknicolsonmod3.pdb
c:\users\kory\documents\visual studio 2013\projects\cranknicolsonmod3\cranknicolsonmod3\debug\nativecodeanalysis.read.1.tlog
c:\users\kory\documents\visual studio 2013\projects\cranknicolsonmod3\cranknicolsonmod3\debug\vc.nativecodeanalysis.all.xml
c:\users\kory\documents\visual studio 2013\projects\cranknicolsonmod3\debug\cranknicolsonmod3.exe.lastcodeanalysissucceeded
c:\users\kory\documents\visual studio 2013\projects\cranknicolsonmod3\cranknicolsonmod3\debug\cranknic.26ae8773.tlog\cl.command.1.tlog
c:\users\kory\documents\visual studio 2013\projects\cranknicolsonmod3\cranknicolsonmod3\debug\cranknic.26ae8773.tlog\cl.read.1.tlog
c:\users\kory\documents\visual studio 2013\projects\cranknicolsonmod3\cranknicolsonmod3\debug\cranknic.26ae8773.tlog\cl.write.1.tlog
c:\users\kory\documents\visual studio 2013\projects\cranknicolsonmod3\cranknicolsonmod3\debug\cranknic.26ae8773.tlog\link.command.1.tlog
c:\users\kory\documents\visual studio 2013\projects\cranknicolsonmod3\cranknicolsonmod3\debug\cranknic.26ae8773.tlog\link.read.1.tlog
c:\users\kory\documents\visual studio 2013\projects\cranknicolsonmod3\cranknicolsonmod3\debug\cranknic.26ae8773.tlog\link.write.1.tlog
